# JRE version: OpenJDK Runtime Environment Temurin-21.0.7+6 (21.0.7+6) (build 21.0.7+6-LTS)
# Java VM: OpenJDK 64-Bit Server VM Temurin-21.0.7+6 (21.0.7+6-LTS, mixed mode, sharing, tiered, compressed oops, compressed class ptrs, parallel gc, windows-amd64)
GC Precious Log:
 CardTable entry size: 512
 CPUs: 16 total, 16 available
 Memory: 15661M
 Large Page Support: Disabled
 NUMA Support: Disabled
 Compressed Oops: Enabled (32-bit)
 Alignments: Space 512K, Generation 512K, Heap 2M
 Heap Min Capacity: 100M
 Heap Initial Capacity: 100M
 Heap Max Capacity: 1G
 Pre-touch: Disabled
 Parallel Workers: 13
Heap:
 PSYoungGen      total 5632K, used 5376K [0x00000000eab00000, 0x00000000eb180000, 0x0000000100000000)
  eden space 4608K, 100% used [0x00000000eab00000,0x00000000eaf80000,0x00000000eaf80000)
  from space 1024K, 75% used [0x00000000eb080000,0x00000000eb140000,0x00000000eb180000)
  to   space 1024K, 87% used [0x00000000eaf80000,0x00000000eb060000,0x00000000eb080000)
 ParOldGen       total 507904K, used 507465K [0x00000000c0000000, 0x00000000df000000, 0x00000000eab00000)
  object space 507904K, 99% used [0x00000000c0000000,0x00000000def92690,0x00000000df000000)
 Metaspace       used 69703K, committed 71360K, reserved 1114112K
  class space    used 6902K, committed 7616K, reserved 1048576K
GC Heap History (20 events):
Event: 15.368 GC heap before
{Heap before GC invocations=861 (full 3):
 PSYoungGen      total 6144K, used 5280K [0x00000000eab00000, 0x00000000eb200000, 0x0000000100000000)
  eden space 4608K, 100% used [0x00000000eab00000,0x00000000eaf80000,0x00000000eaf80000)
  from space 1536K, 43% used [0x00000000eaf80000,0x00000000eb028000,0x00000000eb100000)
  to   space 1024K, 0% used [0x00000000eb100000,0x00000000eb100000,0x00000000eb200000)
 ParOldGen       total 500736K, used 500587K [0x00000000c0000000, 0x00000000de900000, 0x00000000eab00000)
  object space 500736K, 99% used [0x00000000c0000000,0x00000000de8dae78,0x00000000de900000)
 Metaspace       used 69703K, committed 71360K, reserved 1114112K
  class space    used 6902K, committed 7616K, reserved 1048576K
}
Event: 15.369 GC heap after
{Heap after GC invocations=861 (full 3):
 PSYoungGen      total 5632K, used 768K [0x00000000eab00000, 0x00000000eb200000, 0x0000000100000000)
  eden space 4608K, 0% used [0x00000000eab00000,0x00000000eab00000,0x00000000eaf80000)
  from space 1024K, 75% used [0x00000000eb100000,0x00000000eb1c0000,0x00000000eb200000)
  to   space 1024K, 0% used [0x00000000eb000000,0x00000000eb000000,0x00000000eb100000)
 ParOldGen       total 501248K, used 501083K [0x00000000c0000000, 0x00000000de980000, 0x00000000eab00000)
  object space 501248K, 99% used [0x00000000c0000000,0x00000000de956e78,0x00000000de980000)
 Metaspace       used 69703K, committed 71360K, reserved 1114112K
  class space    used 6902K, committed 7616K, reserved 1048576K
}
Event: 15.381 GC heap before
{Heap before GC invocations=862 (full 3):
 PSYoungGen      total 5632K, used 5376K [0x00000000eab00000, 0x00000000eb200000, 0x0000000100000000)
  eden space 4608K, 100% used [0x00000000eab00000,0x00000000eaf80000,0x00000000eaf80000)
  from space 1024K, 75% used [0x00000000eb100000,0x00000000eb1c0000,0x00000000eb200000)
  to   space 1024K, 0% used [0x00000000eb000000,0x00000000eb000000,0x00000000eb100000)
 ParOldGen       total 501248K, used 501083K [0x00000000c0000000, 0x00000000de980000, 0x00000000eab00000)
  object space 501248K, 99% used [0x00000000c0000000,0x00000000de956e78,0x00000000de980000)
 Metaspace       used 69703K, committed 71360K, reserved 1114112K
  class space    used 6902K, committed 7616K, reserved 1048576K
}
Event: 15.383 GC heap after
{Heap after GC invocations=862 (full 3):
 PSYoungGen      total 5632K, used 704K [0x00000000eab00000, 0x00000000eb180000, 0x0000000100000000)
  eden space 4608K, 0% used [0x00000000eab00000,0x00000000eab00000,0x00000000eaf80000)
  from space 1024K, 68% used [0x00000000eb000000,0x00000000eb0b0000,0x00000000eb100000)
  to   space 512K, 0% used [0x00000000eb100000,0x00000000eb100000,0x00000000eb180000)
 ParOldGen       total 501760K, used 501667K [0x00000000c0000000, 0x00000000dea00000, 0x00000000eab00000)
  object space 501760K, 99% used [0x00000000c0000000,0x00000000de9e8e78,0x00000000dea00000)
 Metaspace       used 69703K, committed 71360K, reserved 1114112K
  class space    used 6902K, committed 7616K, reserved 1048576K
}
Event: 15.393 GC heap before
{Heap before GC invocations=863 (full 3):
 PSYoungGen      total 5632K, used 5312K [0x00000000eab00000, 0x00000000eb180000, 0x0000000100000000)
  eden space 4608K, 100% used [0x00000000eab00000,0x00000000eaf80000,0x00000000eaf80000)
  from space 1024K, 68% used [0x00000000eb000000,0x00000000eb0b0000,0x00000000eb100000)
  to   space 512K, 0% used [0x00000000eb100000,0x00000000eb100000,0x00000000eb180000)
 ParOldGen       total 501760K, used 501667K [0x00000000c0000000, 0x00000000dea00000, 0x00000000eab00000)
  object space 501760K, 99% used [0x00000000c0000000,0x00000000de9e8e78,0x00000000dea00000)
 Metaspace       used 69703K, committed 71360K, reserved 1114112K
  class space    used 6902K, committed 7616K, reserved 1048576K
}
Event: 15.394 GC heap after
{Heap after GC invocations=863 (full 3):
 PSYoungGen      total 5120K, used 512K [0x00000000eab00000, 0x00000000eb280000, 0x0000000100000000)
  eden space 4608K, 0% used [0x00000000eab00000,0x00000000eab00000,0x00000000eaf80000)
  from space 512K, 100% used [0x00000000eb100000,0x00000000eb180000,0x00000000eb180000)
  to   space 1536K, 0% used [0x00000000eaf80000,0x00000000eaf80000,0x00000000eb100000)
 ParOldGen       total 502272K, used 502211K [0x00000000c0000000, 0x00000000dea80000, 0x00000000eab00000)
  object space 502272K, 99% used [0x00000000c0000000,0x00000000dea70e78,0x00000000dea80000)
 Metaspace       used 69703K, committed 71360K, reserved 1114112K
  class space    used 6902K, committed 7616K, reserved 1048576K
}
Event: 15.404 GC heap before
{Heap before GC invocations=864 (full 3):
 PSYoungGen      total 5120K, used 5120K [0x00000000eab00000, 0x00000000eb280000, 0x0000000100000000)
  eden space 4608K, 100% used [0x00000000eab00000,0x00000000eaf80000,0x00000000eaf80000)
  from space 512K, 100% used [0x00000000eb100000,0x00000000eb180000,0x00000000eb180000)
  to   space 1536K, 0% used [0x00000000eaf80000,0x00000000eaf80000,0x00000000eb100000)
 ParOldGen       total 502272K, used 502211K [0x00000000c0000000, 0x00000000dea80000, 0x00000000eab00000)
  object space 502272K, 99% used [0x00000000c0000000,0x00000000dea70e78,0x00000000dea80000)
 Metaspace       used 69703K, committed 71360K, reserved 1114112K
  class space    used 6902K, committed 7616K, reserved 1048576K
}
Event: 15.405 GC heap after
{Heap after GC invocations=864 (full 3):
 PSYoungGen      total 5632K, used 672K [0x00000000eab00000, 0x00000000eb180000, 0x0000000100000000)
  eden space 4608K, 0% used [0x00000000eab00000,0x00000000eab00000,0x00000000eaf80000)
  from space 1024K, 65% used [0x00000000eaf80000,0x00000000eb028000,0x00000000eb080000)
  to   space 1024K, 0% used [0x00000000eb080000,0x00000000eb080000,0x00000000eb180000)
 ParOldGen       total 502784K, used 502643K [0x00000000c0000000, 0x00000000deb00000, 0x00000000eab00000)
  object space 502784K, 99% used [0x00000000c0000000,0x00000000deadce78,0x00000000deb00000)
 Metaspace       used 69703K, committed 71360K, reserved 1114112K
  class space    used 6902K, committed 7616K, reserved 1048576K
}
Event: 15.416 GC heap before
{Heap before GC invocations=865 (full 3):
 PSYoungGen      total 5632K, used 5280K [0x00000000eab00000, 0x00000000eb180000, 0x0000000100000000)
  eden space 4608K, 100% used [0x00000000eab00000,0x00000000eaf80000,0x00000000eaf80000)
  from space 1024K, 65% used [0x00000000eaf80000,0x00000000eb028000,0x00000000eb080000)
  to   space 1024K, 0% used [0x00000000eb080000,0x00000000eb080000,0x00000000eb180000)
 ParOldGen       total 502784K, used 502643K [0x00000000c0000000, 0x00000000deb00000, 0x00000000eab00000)
  object space 502784K, 99% used [0x00000000c0000000,0x00000000deadce78,0x00000000deb00000)
 Metaspace       used 69703K, committed 71360K, reserved 1114112K
  class space    used 6902K, committed 7616K, reserved 1048576K
}
Event: 15.417 GC heap after
{Heap after GC invocations=865 (full 3):
 PSYoungGen      total 5632K, used 758K [0x00000000eab00000, 0x00000000eb180000, 0x0000000100000000)
  eden space 4608K, 0% used [0x00000000eab00000,0x00000000eab00000,0x00000000eaf80000)
  from space 1024K, 74% used [0x00000000eb080000,0x00000000eb13d810,0x00000000eb180000)
  to   space 1024K, 0% used [0x00000000eaf80000,0x00000000eaf80000,0x00000000eb080000)
 ParOldGen       total 503296K, used 503171K [0x00000000c0000000, 0x00000000deb80000, 0x00000000eab00000)
  object space 503296K, 99% used [0x00000000c0000000,0x00000000deb60e78,0x00000000deb80000)
 Metaspace       used 69703K, committed 71360K, reserved 1114112K
  class space    used 6902K, committed 7616K, reserved 1048576K
}
Event: 15.426 GC heap before
{Heap before GC invocations=866 (full 3):
 PSYoungGen      total 5632K, used 5366K [0x00000000eab00000, 0x00000000eb180000, 0x0000000100000000)
  eden space 4608K, 100% used [0x00000000eab00000,0x00000000eaf80000,0x00000000eaf80000)
  from space 1024K, 74% used [0x00000000eb080000,0x00000000eb13d810,0x00000000eb180000)
  to   space 1024K, 0% used [0x00000000eaf80000,0x00000000eaf80000,0x00000000eb080000)
 ParOldGen       total 503296K, used 503171K [0x00000000c0000000, 0x00000000deb80000, 0x00000000eab00000)
  object space 503296K, 99% used [0x00000000c0000000,0x00000000deb60e78,0x00000000deb80000)
 Metaspace       used 69703K, committed 71360K, reserved 1114112K
  class space    used 6902K, committed 7616K, reserved 1048576K
}
Event: 15.428 GC heap after
{Heap after GC invocations=866 (full 3):
 PSYoungGen      total 5632K, used 704K [0x00000000eab00000, 0x00000000eb180000, 0x0000000100000000)
  eden space 4608K, 0% used [0x00000000eab00000,0x00000000eab00000,0x00000000eaf80000)
  from space 1024K, 68% used [0x00000000eaf80000,0x00000000eb030000,0x00000000eb080000)
  to   space 1024K, 0% used [0x00000000eb080000,0x00000000eb080000,0x00000000eb180000)
 ParOldGen       total 503808K, used 503665K [0x00000000c0000000, 0x00000000dec00000, 0x00000000eab00000)
  object space 503808K, 99% used [0x00000000c0000000,0x00000000debdc688,0x00000000dec00000)
 Metaspace       used 69703K, committed 71360K, reserved 1114112K
  class space    used 6902K, committed 7616K, reserved 1048576K
}
Event: 15.443 GC heap before
{Heap before GC invocations=867 (full 3):
 PSYoungGen      total 5632K, used 5312K [0x00000000eab00000, 0x00000000eb180000, 0x0000000100000000)
  eden space 4608K, 100% used [0x00000000eab00000,0x00000000eaf80000,0x00000000eaf80000)
  from space 1024K, 68% used [0x00000000eaf80000,0x00000000eb030000,0x00000000eb080000)
  to   space 1024K, 0% used [0x00000000eb080000,0x00000000eb080000,0x00000000eb180000)
 ParOldGen       total 503808K, used 503665K [0x00000000c0000000, 0x00000000dec00000, 0x00000000eab00000)
  object space 503808K, 99% used [0x00000000c0000000,0x00000000debdc688,0x00000000dec00000)
 Metaspace       used 69703K, committed 71360K, reserved 1114112K
  class space    used 6902K, committed 7616K, reserved 1048576K
}
Event: 15.445 GC heap after
{Heap after GC invocations=867 (full 3):
 PSYoungGen      total 5632K, used 800K [0x00000000eab00000, 0x00000000eb180000, 0x0000000100000000)
  eden space 4608K, 0% used [0x00000000eab00000,0x00000000eab00000,0x00000000eaf80000)
  from space 1024K, 78% used [0x00000000eb080000,0x00000000eb148000,0x00000000eb180000)
  to   space 1024K, 0% used [0x00000000eaf80000,0x00000000eaf80000,0x00000000eb080000)
 ParOldGen       total 504832K, used 504745K [0x00000000c0000000, 0x00000000ded00000, 0x00000000eab00000)
  object space 504832K, 99% used [0x00000000c0000000,0x00000000decea690,0x00000000ded00000)
 Metaspace       used 69703K, committed 71360K, reserved 1114112K
  class space    used 6902K, committed 7616K, reserved 1048576K
}
Event: 15.454 GC heap before
{Heap before GC invocations=868 (full 3):
 PSYoungGen      total 5632K, used 5408K [0x00000000eab00000, 0x00000000eb180000, 0x0000000100000000)
  eden space 4608K, 100% used [0x00000000eab00000,0x00000000eaf80000,0x00000000eaf80000)
  from space 1024K, 78% used [0x00000000eb080000,0x00000000eb148000,0x00000000eb180000)
  to   space 1024K, 0% used [0x00000000eaf80000,0x00000000eaf80000,0x00000000eb080000)
 ParOldGen       total 504832K, used 504745K [0x00000000c0000000, 0x00000000ded00000, 0x00000000eab00000)
  object space 504832K, 99% used [0x00000000c0000000,0x00000000decea690,0x00000000ded00000)
 Metaspace       used 69703K, committed 71360K, reserved 1114112K
  class space    used 6902K, committed 7616K, reserved 1048576K
}
Event: 15.455 GC heap after
{Heap after GC invocations=868 (full 3):
 PSYoungGen      total 5632K, used 640K [0x00000000eab00000, 0x00000000eb180000, 0x0000000100000000)
  eden space 4608K, 0% used [0x00000000eab00000,0x00000000eab00000,0x00000000eaf80000)
  from space 1024K, 62% used [0x00000000eaf80000,0x00000000eb020000,0x00000000eb080000)
  to   space 1024K, 0% used [0x00000000eb080000,0x00000000eb080000,0x00000000eb180000)
 ParOldGen       total 505344K, used 505337K [0x00000000c0000000, 0x00000000ded80000, 0x00000000eab00000)
  object space 505344K, 99% used [0x00000000c0000000,0x00000000ded7e690,0x00000000ded80000)
 Metaspace       used 69703K, committed 71360K, reserved 1114112K
  class space    used 6902K, committed 7616K, reserved 1048576K
}
Event: 15.464 GC heap before
{Heap before GC invocations=869 (full 3):
 PSYoungGen      total 5632K, used 5248K [0x00000000eab00000, 0x00000000eb180000, 0x0000000100000000)
  eden space 4608K, 100% used [0x00000000eab00000,0x00000000eaf80000,0x00000000eaf80000)
  from space 1024K, 62% used [0x00000000eaf80000,0x00000000eb020000,0x00000000eb080000)
  to   space 1024K, 0% used [0x00000000eb080000,0x00000000eb080000,0x00000000eb180000)
 ParOldGen       total 505344K, used 505337K [0x00000000c0000000, 0x00000000ded80000, 0x00000000eab00000)
  object space 505344K, 99% used [0x00000000c0000000,0x00000000ded7e690,0x00000000ded80000)
 Metaspace       used 69703K, committed 71360K, reserved 1114112K
  class space    used 6902K, committed 7616K, reserved 1048576K
}
Event: 15.465 GC heap after
{Heap after GC invocations=869 (full 3):
 PSYoungGen      total 5632K, used 576K [0x00000000eab00000, 0x00000000eb180000, 0x0000000100000000)
  eden space 4608K, 0% used [0x00000000eab00000,0x00000000eab00000,0x00000000eaf80000)
  from space 1024K, 56% used [0x00000000eb080000,0x00000000eb110000,0x00000000eb180000)
  to   space 1024K, 0% used [0x00000000eaf80000,0x00000000eaf80000,0x00000000eb080000)
 ParOldGen       total 506368K, used 505865K [0x00000000c0000000, 0x00000000dee80000, 0x00000000eab00000)
  object space 506368K, 99% used [0x00000000c0000000,0x00000000dee02690,0x00000000dee80000)
 Metaspace       used 69703K, committed 71360K, reserved 1114112K
  class space    used 6902K, committed 7616K, reserved 1048576K
}
Event: 15.476 GC heap before
{Heap before GC invocations=870 (full 3):
 PSYoungGen      total 5632K, used 5184K [0x00000000eab00000, 0x00000000eb180000, 0x0000000100000000)
  eden space 4608K, 100% used [0x00000000eab00000,0x00000000eaf80000,0x00000000eaf80000)
  from space 1024K, 56% used [0x00000000eb080000,0x00000000eb110000,0x00000000eb180000)
  to   space 1024K, 0% used [0x00000000eaf80000,0x00000000eaf80000,0x00000000eb080000)
 ParOldGen       total 506368K, used 505865K [0x00000000c0000000, 0x00000000dee80000, 0x00000000eab00000)
  object space 506368K, 99% used [0x00000000c0000000,0x00000000dee02690,0x00000000dee80000)
 Metaspace       used 69703K, committed 71360K, reserved 1114112K
  class space    used 6902K, committed 7616K, reserved 1048576K
}
Event: 15.477 GC heap after
{Heap after GC invocations=870 (full 3):
 PSYoungGen      total 5632K, used 608K [0x00000000eab00000, 0x00000000eb180000, 0x0000000100000000)
  eden space 4608K, 0% used [0x00000000eab00000,0x00000000eab00000,0x00000000eaf80000)
  from space 1024K, 59% used [0x00000000eaf80000,0x00000000eb018000,0x00000000eb080000)
  to   space 1024K, 0% used [0x00000000eb080000,0x00000000eb080000,0x00000000eb180000)
 ParOldGen       total 506368K, used 506345K [0x00000000c0000000, 0x00000000dee80000, 0x00000000eab00000)
  object space 506368K, 99% used [0x00000000c0000000,0x00000000dee7a690,0x00000000dee80000)
 Metaspace       used 69703K, committed 71360K, reserved 1114112K
  class space    used 6902K, committed 7616K, reserved 1048576K
}

