# JRE version: OpenJDK Runtime Environment Temurin-21.0.7+6 (21.0.7+6) (build 21.0.7+6-LTS)
# Java VM: OpenJDK 64-Bit Server VM Temurin-21.0.7+6 (21.0.7+6-LTS, mixed mode, sharing, tiered, compressed oops, compressed class ptrs, parallel gc, windows-amd64)
GC Precious Log:
 CardTable entry size: 512
 CPUs: 16 total, 16 available
 Memory: 15661M
 Large Page Support: Disabled
 NUMA Support: Disabled
 Compressed Oops: Enabled (32-bit)
 Alignments: Space 512K, Generation 512K, Heap 2M
 Heap Min Capacity: 100M
 Heap Initial Capacity: 100M
 Heap Max Capacity: 1G
 Pre-touch: Disabled
 Parallel Workers: 13
Heap:
 PSYoungGen      total 12800K, used 12576K [0x00000000eab00000, 0x00000000ebe00000, 0x0000000100000000)
  eden space 7168K, 100% used [0x00000000eab00000,0x00000000eb200000,0x00000000eb200000)
  from space 5632K, 96% used [0x00000000eb300000,0x00000000eb848000,0x00000000eb880000)
  to   space 5632K, 86% used [0x00000000eb880000,0x00000000ebd48590,0x00000000ebe00000)
 ParOldGen       total 681984K, used 681847K [0x00000000c0000000, 0x00000000e9a00000, 0x00000000eab00000)
  object space 681984K, 99% used [0x00000000c0000000,0x00000000e99ddd00,0x00000000e9a00000)
 Metaspace       used 72467K, committed 74240K, reserved 1179648K
  class space    used 7150K, committed 8000K, reserved 1048576K
GC Heap History (20 events):
Event: 304.845 GC heap after
{Heap after GC invocations=1546 (full 5):
 PSYoungGen      total 11264K, used 1684K [0x00000000eab00000, 0x00000000ebc80000, 0x0000000100000000)
  eden space 9216K, 0% used [0x00000000eab00000,0x00000000eab00000,0x00000000eb400000)
  from space 2048K, 82% used [0x00000000eb400000,0x00000000eb5a5220,0x00000000eb600000)
  to   space 3584K, 0% used [0x00000000eb900000,0x00000000eb900000,0x00000000ebc80000)
 ParOldGen       total 620544K, used 620119K [0x00000000c0000000, 0x00000000e5e00000, 0x00000000eab00000)
  object space 620544K, 99% used [0x00000000c0000000,0x00000000e5d95c60,0x00000000e5e00000)
 Metaspace       used 72129K, committed 73920K, reserved 1179648K
  class space    used 7108K, committed 7936K, reserved 1048576K
}
Event: 307.242 GC heap before
{Heap before GC invocations=1547 (full 5):
 PSYoungGen      total 11264K, used 10900K [0x00000000eab00000, 0x00000000ebc80000, 0x0000000100000000)
  eden space 9216K, 100% used [0x00000000eab00000,0x00000000eb400000,0x00000000eb400000)
  from space 2048K, 82% used [0x00000000eb400000,0x00000000eb5a5220,0x00000000eb600000)
  to   space 3584K, 0% used [0x00000000eb900000,0x00000000eb900000,0x00000000ebc80000)
 ParOldGen       total 620544K, used 620119K [0x00000000c0000000, 0x00000000e5e00000, 0x00000000eab00000)
  object space 620544K, 99% used [0x00000000c0000000,0x00000000e5d95c60,0x00000000e5e00000)
 Metaspace       used 72134K, committed 73920K, reserved 1179648K
  class space    used 7108K, committed 7936K, reserved 1048576K
}
Event: 307.245 GC heap after
{Heap after GC invocations=1547 (full 5):
 PSYoungGen      total 10240K, used 832K [0x00000000eab00000, 0x00000000eba00000, 0x0000000100000000)
  eden space 9216K, 0% used [0x00000000eab00000,0x00000000eab00000,0x00000000eb400000)
  from space 1024K, 81% used [0x00000000eb900000,0x00000000eb9d0020,0x00000000eba00000)
  to   space 1536K, 0% used [0x00000000eb700000,0x00000000eb700000,0x00000000eb880000)
 ParOldGen       total 620544K, used 620511K [0x00000000c0000000, 0x00000000e5e00000, 0x00000000eab00000)
  object space 620544K, 99% used [0x00000000c0000000,0x00000000e5df7c98,0x00000000e5e00000)
 Metaspace       used 72134K, committed 73920K, reserved 1179648K
  class space    used 7108K, committed 7936K, reserved 1048576K
}
Event: 307.415 GC heap before
{Heap before GC invocations=1548 (full 5):
 PSYoungGen      total 10240K, used 10048K [0x00000000eab00000, 0x00000000eba00000, 0x0000000100000000)
  eden space 9216K, 100% used [0x00000000eab00000,0x00000000eb400000,0x00000000eb400000)
  from space 1024K, 81% used [0x00000000eb900000,0x00000000eb9d0020,0x00000000eba00000)
  to   space 1536K, 0% used [0x00000000eb700000,0x00000000eb700000,0x00000000eb880000)
 ParOldGen       total 620544K, used 620511K [0x00000000c0000000, 0x00000000e5e00000, 0x00000000eab00000)
  object space 620544K, 99% used [0x00000000c0000000,0x00000000e5df7c98,0x00000000e5e00000)
 Metaspace       used 72268K, committed 74048K, reserved 1179648K
  class space    used 7127K, committed 7936K, reserved 1048576K
}
Event: 307.421 GC heap after
{Heap after GC invocations=1548 (full 5):
 PSYoungGen      total 10752K, used 1529K [0x00000000eab00000, 0x00000000eb980000, 0x0000000100000000)
  eden space 9216K, 0% used [0x00000000eab00000,0x00000000eab00000,0x00000000eb400000)
  from space 1536K, 99% used [0x00000000eb700000,0x00000000eb87e7f0,0x00000000eb880000)
  to   space 1024K, 0% used [0x00000000eb880000,0x00000000eb880000,0x00000000eb980000)
 ParOldGen       total 621056K, used 620833K [0x00000000c0000000, 0x00000000e5e80000, 0x00000000eab00000)
  object space 621056K, 99% used [0x00000000c0000000,0x00000000e5e485b8,0x00000000e5e80000)
 Metaspace       used 72268K, committed 74048K, reserved 1179648K
  class space    used 7127K, committed 7936K, reserved 1048576K
}
Event: 307.710 GC heap before
{Heap before GC invocations=1549 (full 5):
 PSYoungGen      total 10752K, used 10284K [0x00000000eab00000, 0x00000000eb980000, 0x0000000100000000)
  eden space 9216K, 94% used [0x00000000eab00000,0x00000000eb38caa8,0x00000000eb400000)
  from space 1536K, 99% used [0x00000000eb700000,0x00000000eb87e7f0,0x00000000eb880000)
  to   space 1024K, 0% used [0x00000000eb880000,0x00000000eb880000,0x00000000eb980000)
 ParOldGen       total 621056K, used 620833K [0x00000000c0000000, 0x00000000e5e80000, 0x00000000eab00000)
  object space 621056K, 99% used [0x00000000c0000000,0x00000000e5e485b8,0x00000000e5e80000)
 Metaspace       used 72301K, committed 74048K, reserved 1179648K
  class space    used 7132K, committed 7936K, reserved 1048576K
}
Event: 307.714 GC heap after
{Heap after GC invocations=1549 (full 5):
 PSYoungGen      total 8192K, used 1006K [0x00000000eab00000, 0x00000000ec100000, 0x0000000100000000)
  eden space 7168K, 0% used [0x00000000eab00000,0x00000000eab00000,0x00000000eb200000)
  from space 1024K, 98% used [0x00000000eb880000,0x00000000eb97b910,0x00000000eb980000)
  to   space 6656K, 0% used [0x00000000eb200000,0x00000000eb200000,0x00000000eb880000)
 ParOldGen       total 625664K, used 625544K [0x00000000c0000000, 0x00000000e6300000, 0x00000000eab00000)
  object space 625664K, 99% used [0x00000000c0000000,0x00000000e62e2280,0x00000000e6300000)
 Metaspace       used 72301K, committed 74048K, reserved 1179648K
  class space    used 7132K, committed 7936K, reserved 1048576K
}
Event: 307.806 GC heap before
{Heap before GC invocations=1550 (full 5):
 PSYoungGen      total 8192K, used 7962K [0x00000000eab00000, 0x00000000ec100000, 0x0000000100000000)
  eden space 7168K, 97% used [0x00000000eab00000,0x00000000eb1cb2d0,0x00000000eb200000)
  from space 1024K, 98% used [0x00000000eb880000,0x00000000eb97b910,0x00000000eb980000)
  to   space 6656K, 0% used [0x00000000eb200000,0x00000000eb200000,0x00000000eb880000)
 ParOldGen       total 625664K, used 625544K [0x00000000c0000000, 0x00000000e6300000, 0x00000000eab00000)
  object space 625664K, 99% used [0x00000000c0000000,0x00000000e62e2280,0x00000000e6300000)
 Metaspace       used 72303K, committed 74048K, reserved 1179648K
  class space    used 7132K, committed 7936K, reserved 1048576K
}
Event: 307.811 GC heap after
{Heap after GC invocations=1550 (full 5):
 PSYoungGen      total 13824K, used 6649K [0x00000000eab00000, 0x00000000ec100000, 0x0000000100000000)
  eden space 7168K, 0% used [0x00000000eab00000,0x00000000eab00000,0x00000000eb200000)
  from space 6656K, 99% used [0x00000000eb200000,0x00000000eb87e680,0x00000000eb880000)
  to   space 7680K, 0% used [0x00000000eb980000,0x00000000eb980000,0x00000000ec100000)
 ParOldGen       total 626176K, used 625824K [0x00000000c0000000, 0x00000000e6380000, 0x00000000eab00000)
  object space 626176K, 99% used [0x00000000c0000000,0x00000000e6328290,0x00000000e6380000)
 Metaspace       used 72303K, committed 74048K, reserved 1179648K
  class space    used 7132K, committed 7936K, reserved 1048576K
}
Event: 307.886 GC heap before
{Heap before GC invocations=1551 (full 5):
 PSYoungGen      total 13824K, used 13788K [0x00000000eab00000, 0x00000000ec100000, 0x0000000100000000)
  eden space 7168K, 99% used [0x00000000eab00000,0x00000000eb1f8d68,0x00000000eb200000)
  from space 6656K, 99% used [0x00000000eb200000,0x00000000eb87e680,0x00000000eb880000)
  to   space 7680K, 0% used [0x00000000eb980000,0x00000000eb980000,0x00000000ec100000)
 ParOldGen       total 626176K, used 625824K [0x00000000c0000000, 0x00000000e6380000, 0x00000000eab00000)
  object space 626176K, 99% used [0x00000000c0000000,0x00000000e6328290,0x00000000e6380000)
 Metaspace       used 72348K, committed 74112K, reserved 1179648K
  class space    used 7138K, committed 7936K, reserved 1048576K
}
Event: 307.890 GC heap after
{Heap after GC invocations=1551 (full 5):
 PSYoungGen      total 9728K, used 2202K [0x00000000eab00000, 0x00000000ebc00000, 0x0000000100000000)
  eden space 7168K, 0% used [0x00000000eab00000,0x00000000eab00000,0x00000000eb200000)
  from space 2560K, 86% used [0x00000000eb980000,0x00000000ebba6830,0x00000000ebc00000)
  to   space 4096K, 0% used [0x00000000eb400000,0x00000000eb400000,0x00000000eb800000)
 ParOldGen       total 633344K, used 633155K [0x00000000c0000000, 0x00000000e6a80000, 0x00000000eab00000)
  object space 633344K, 99% used [0x00000000c0000000,0x00000000e6a50db0,0x00000000e6a80000)
 Metaspace       used 72348K, committed 74112K, reserved 1179648K
  class space    used 7138K, committed 7936K, reserved 1048576K
}
Event: 307.960 GC heap before
{Heap before GC invocations=1552 (full 5):
 PSYoungGen      total 9728K, used 9370K [0x00000000eab00000, 0x00000000ebc00000, 0x0000000100000000)
  eden space 7168K, 100% used [0x00000000eab00000,0x00000000eb200000,0x00000000eb200000)
  from space 2560K, 86% used [0x00000000eb980000,0x00000000ebba6830,0x00000000ebc00000)
  to   space 4096K, 0% used [0x00000000eb400000,0x00000000eb400000,0x00000000eb800000)
 ParOldGen       total 633344K, used 633155K [0x00000000c0000000, 0x00000000e6a80000, 0x00000000eab00000)
  object space 633344K, 99% used [0x00000000c0000000,0x00000000e6a50db0,0x00000000e6a80000)
 Metaspace       used 72423K, committed 74176K, reserved 1179648K
  class space    used 7147K, committed 8000K, reserved 1048576K
}
Event: 307.964 GC heap after
{Heap after GC invocations=1552 (full 5):
 PSYoungGen      total 11264K, used 4069K [0x00000000eab00000, 0x00000000ec400000, 0x0000000100000000)
  eden space 7168K, 0% used [0x00000000eab00000,0x00000000eab00000,0x00000000eb200000)
  from space 4096K, 99% used [0x00000000eb400000,0x00000000eb7f9520,0x00000000eb800000)
  to   space 9216K, 0% used [0x00000000ebb00000,0x00000000ebb00000,0x00000000ec400000)
 ParOldGen       total 636928K, used 636845K [0x00000000c0000000, 0x00000000e6e00000, 0x00000000eab00000)
  object space 636928K, 99% used [0x00000000c0000000,0x00000000e6deb7a0,0x00000000e6e00000)
 Metaspace       used 72423K, committed 74176K, reserved 1179648K
  class space    used 7147K, committed 8000K, reserved 1048576K
}
Event: 308.006 GC heap before
{Heap before GC invocations=1553 (full 5):
 PSYoungGen      total 11264K, used 11237K [0x00000000eab00000, 0x00000000ec400000, 0x0000000100000000)
  eden space 7168K, 100% used [0x00000000eab00000,0x00000000eb200000,0x00000000eb200000)
  from space 4096K, 99% used [0x00000000eb400000,0x00000000eb7f9520,0x00000000eb800000)
  to   space 9216K, 0% used [0x00000000ebb00000,0x00000000ebb00000,0x00000000ec400000)
 ParOldGen       total 636928K, used 636845K [0x00000000c0000000, 0x00000000e6e00000, 0x00000000eab00000)
  object space 636928K, 99% used [0x00000000c0000000,0x00000000e6deb7a0,0x00000000e6e00000)
 Metaspace       used 72435K, committed 74176K, reserved 1179648K
  class space    used 7148K, committed 8000K, reserved 1048576K
}
Event: 308.012 GC heap after
{Heap after GC invocations=1553 (full 5):
 PSYoungGen      total 14336K, used 7072K [0x00000000eab00000, 0x00000000ec200000, 0x0000000100000000)
  eden space 7168K, 0% used [0x00000000eab00000,0x00000000eab00000,0x00000000eb200000)
  from space 7168K, 98% used [0x00000000ebb00000,0x00000000ec1e8000,0x00000000ec200000)
  to   space 7680K, 0% used [0x00000000eb300000,0x00000000eb300000,0x00000000eba80000)
 ParOldGen       total 641536K, used 640983K [0x00000000c0000000, 0x00000000e7280000, 0x00000000eab00000)
  object space 641536K, 99% used [0x00000000c0000000,0x00000000e71f5cd0,0x00000000e7280000)
 Metaspace       used 72435K, committed 74176K, reserved 1179648K
  class space    used 7148K, committed 8000K, reserved 1048576K
}
Event: 308.112 GC heap before
{Heap before GC invocations=1554 (full 5):
 PSYoungGen      total 14336K, used 14240K [0x00000000eab00000, 0x00000000ec200000, 0x0000000100000000)
  eden space 7168K, 100% used [0x00000000eab00000,0x00000000eb200000,0x00000000eb200000)
  from space 7168K, 98% used [0x00000000ebb00000,0x00000000ec1e8000,0x00000000ec200000)
  to   space 7680K, 0% used [0x00000000eb300000,0x00000000eb300000,0x00000000eba80000)
 ParOldGen       total 673280K, used 671703K [0x00000000c0000000, 0x00000000e9180000, 0x00000000eab00000)
  object space 673280K, 99% used [0x00000000c0000000,0x00000000e8ff5d00,0x00000000e9180000)
 Metaspace       used 72455K, committed 74240K, reserved 1179648K
  class space    used 7149K, committed 8000K, reserved 1048576K
}
Event: 308.118 GC heap after
{Heap after GC invocations=1554 (full 5):
 PSYoungGen      total 12800K, used 5408K [0x00000000eab00000, 0x00000000ebe00000, 0x0000000100000000)
  eden space 7168K, 0% used [0x00000000eab00000,0x00000000eab00000,0x00000000eb200000)
  from space 5632K, 96% used [0x00000000eb300000,0x00000000eb848000,0x00000000eb880000)
  to   space 5632K, 0% used [0x00000000eb880000,0x00000000eb880000,0x00000000ebe00000)
 ParOldGen       total 678912K, used 678639K [0x00000000c0000000, 0x00000000e9700000, 0x00000000eab00000)
  object space 678912K, 99% used [0x00000000c0000000,0x00000000e96bbd00,0x00000000e9700000)
 Metaspace       used 72455K, committed 74240K, reserved 1179648K
  class space    used 7149K, committed 8000K, reserved 1048576K
}
Event: 308.220 GC heap before
{Heap before GC invocations=1555 (full 5):
 PSYoungGen      total 12800K, used 12576K [0x00000000eab00000, 0x00000000ebe00000, 0x0000000100000000)
  eden space 7168K, 100% used [0x00000000eab00000,0x00000000eb200000,0x00000000eb200000)
  from space 5632K, 96% used [0x00000000eb300000,0x00000000eb848000,0x00000000eb880000)
  to   space 5632K, 0% used [0x00000000eb880000,0x00000000eb880000,0x00000000ebe00000)
 ParOldGen       total 678912K, used 678639K [0x00000000c0000000, 0x00000000e9700000, 0x00000000eab00000)
  object space 678912K, 99% used [0x00000000c0000000,0x00000000e96bbd00,0x00000000e9700000)
 Metaspace       used 72467K, committed 74240K, reserved 1179648K
  class space    used 7150K, committed 8000K, reserved 1048576K
}
Event: 308.226 GC heap after
{Heap after GC invocations=1555 (full 5):
 PSYoungGen      total 12800K, used 12576K [0x00000000eab00000, 0x00000000ebe00000, 0x0000000100000000)
  eden space 7168K, 100% used [0x00000000eab00000,0x00000000eb200000,0x00000000eb200000)
  from space 5632K, 96% used [0x00000000eb300000,0x00000000eb848000,0x00000000eb880000)
  to   space 5632K, 86% used [0x00000000eb880000,0x00000000ebd48590,0x00000000ebe00000)
 ParOldGen       total 681984K, used 681847K [0x00000000c0000000, 0x00000000e9a00000, 0x00000000eab00000)
  object space 681984K, 99% used [0x00000000c0000000,0x00000000e99ddd00,0x00000000e9a00000)
 Metaspace       used 72467K, committed 74240K, reserved 1179648K
  class space    used 7150K, committed 8000K, reserved 1048576K
}
Event: 308.226 GC heap before
{Heap before GC invocations=1556 (full 6):
 PSYoungGen      total 12800K, used 12576K [0x00000000eab00000, 0x00000000ebe00000, 0x0000000100000000)
  eden space 7168K, 100% used [0x00000000eab00000,0x00000000eb200000,0x00000000eb200000)
  from space 5632K, 96% used [0x00000000eb300000,0x00000000eb848000,0x00000000eb880000)
  to   space 5632K, 86% used [0x00000000eb880000,0x00000000ebd48590,0x00000000ebe00000)
 ParOldGen       total 681984K, used 681847K [0x00000000c0000000, 0x00000000e9a00000, 0x00000000eab00000)
  object space 681984K, 99% used [0x00000000c0000000,0x00000000e99ddd00,0x00000000e9a00000)
 Metaspace       used 72467K, committed 74240K, reserved 1179648K
  class space    used 7150K, committed 8000K, reserved 1048576K
}

